  Source.cpp
C:\Users\tiago\source\repos\Project4\Project4\Source.cpp(13,20): warning C4018: '<': signed/unsigned mismatch
C:\Users\tiago\source\repos\Project4\Project4\Source.cpp(28,24): warning C4018: '<=': signed/unsigned mismatch
C:\Users\tiago\source\repos\Project4\Project4\Source.cpp(57,23): warning C4018: '<=': signed/unsigned mismatch
C:\Users\tiago\source\repos\Project4\Project4\Source.cpp(63,13): warning C4553: '==': result of expression not used; did you intend '='?
C:\Users\tiago\source\repos\Project4\Project4\Source.cpp(99,23): warning C4018: '<=': signed/unsigned mismatch
C:\Users\tiago\source\repos\Project4\Project4\Source.cpp(109,23): warning C4018: '<=': signed/unsigned mismatch
C:\Users\tiago\source\repos\Project4\Project4\Source.cpp(154,20): warning C4018: '<': signed/unsigned mismatch
C:\Users\tiago\source\repos\Project4\Project4\Source.cpp(156,21): warning C4018: '<': signed/unsigned mismatch
C:\Users\tiago\source\repos\Project4\Project4\Source.cpp(175,21): warning C4018: '<': signed/unsigned mismatch
C:\Users\tiago\source\repos\Project4\Project4\Source.cpp(206,22): warning C4018: '<': signed/unsigned mismatch
C:\Users\tiago\source\repos\Project4\Project4\Source.cpp(225,22): warning C4018: '<': signed/unsigned mismatch
C:\Users\tiago\source\repos\Project4\Project4\Source.cpp(237,20): warning C4018: '<': signed/unsigned mismatch
C:\Users\tiago\source\repos\Project4\Project4\Source.cpp(303,20): warning C4018: '<': signed/unsigned mismatch
C:\Users\tiago\source\repos\Project4\Project4\Source.cpp(307,20): warning C4018: '<': signed/unsigned mismatch
C:\Users\tiago\source\repos\Project4\Project4\Source.cpp(313,20): warning C4018: '<': signed/unsigned mismatch
C:\Users\tiago\source\repos\Project4\Project4\Source.cpp(323,20): warning C4018: '<': signed/unsigned mismatch
C:\Users\tiago\source\repos\Project4\Project4\Source.cpp(325,21): warning C4018: '<': signed/unsigned mismatch
C:\Users\tiago\source\repos\Project4\Project4\Source.cpp(336,20): warning C4018: '<': signed/unsigned mismatch
C:\Users\tiago\source\repos\Project4\Project4\Source.cpp(806,20): warning C4018: '<': signed/unsigned mismatch
C:\Users\tiago\source\repos\Project4\Project4\Source.cpp(812,20): warning C4018: '<=': signed/unsigned mismatch
C:\Users\tiago\source\repos\Project4\Project4\Source.cpp(893,20): warning C4018: '<': signed/unsigned mismatch
C:\Users\tiago\source\repos\Project4\Project4\Source.cpp(912,23): warning C4018: '<=': signed/unsigned mismatch
C:\Users\tiago\source\repos\Project4\Project4\Source.cpp(939,23): warning C4018: '<=': signed/unsigned mismatch
C:\Users\tiago\source\repos\Project4\Project4\Source.cpp(947,23): warning C4018: '<=': signed/unsigned mismatch
C:\Users\tiago\source\repos\Project4\Project4\Source.cpp(750): warning C4715: 'DaysOfMonth': not all control paths return a value
  Project4.vcxproj -> C:\Users\tiago\source\repos\Project4\Debug\Project4.exe
